1、Version:1.0.1
Modify AlipayCaptureRequest.java;
Modify AlipayCaptureResponse.java;

2、Version:1.0.2
Modify AlipayPayQueryResponse.java;

3、Version:1.0.3
Remove AlipayRefundQueryRequest.java;
Remove AlipayRefundQueryResponse.java;
Modify SignatureTool.genSignConent to SignatureTool.genSignContent;

4、Version:1.0.4
Add AlipayUserQueryInfoRequest.java;
Add AlipayUserQueryInfoResponse.java;

5、Version:1.0.5
Add SignatureTool.sign(String httpMethod, String path, String clientId, String reqTimeStr, String reqBody, String merchantPrivateKey);
Add SignatureTool.verify(String httpMethod, String path, String clientId, String rspTimeStr, String rspBody, String signature, String alipayPublicKey);
Modify AlipayPayQueryResponse.java;
Optimize TCP connection reuse;

6、Version:1.0.7
ADD BKASH to CustomerBelongsTo;

7、Version:1.0.8
Modify EASYPASIA to EASYPAISA;

8、Version:1.0.10
Disable partial JDK HttpURLConnection automatic retry

9、Version:1.0.11
Optimize HTTP links for long connection times

9、Version:1.0.12
Fix core logic

10、Version:1.0.13
Support spend bai

11、Version:1.0.16
AlipayPayRequest remote env

11、Version:1.0.16
TerminalType add MINI_APP

